# JRE version: OpenJDK Runtime Environment (21.0.3) (build 21.0.3+-12282718-b509.11)
# Java VM: OpenJDK 64-Bit Server VM (21.0.3+-12282718-b509.11, mixed mode, tiered, compressed oops, compressed class ptrs, g1 gc, windows-amd64)
GC Precious Log:
 CardTable entry size: 512
 Card Set container configuration: InlinePtr #cards 5 size 8 Array Of Cards #cards 12 size 40 Howl #buckets 4 coarsen threshold 1843 Howl Bitmap #cards 512 size 80 coarsen threshold 460 Card regions per heap region 1 cards per card region 2048
 CPUs: 12 total, 12 available
 Memory: 5989M
 Large Page Support: Disabled
 NUMA Support: Disabled
 Compressed Oops: Enabled (32-bit)
 Heap Region Size: 1M
 Heap Min Capacity: 8M
 Heap Initial Capacity: 94M
 Heap Max Capacity: 2G
 Pre-touch: Disabled
 Parallel Workers: 10
 Concurrent Workers: 3
 Concurrent Refinement Workers: 10
 Periodic GC: Disabled
Heap:
 garbage-first heap   total 258048K, used 222475K [0x0000000080000000, 0x0000000100000000)
  region size 1024K, 34 young (34816K), 8 survivors (8192K)
 Metaspace       used 120655K, committed 122816K, reserved 1179648K
  class space    used 16676K, committed 17792K, reserved 1048576K
GC Heap History (20 events):
Event: 18.774 GC heap before
{Heap before GC invocations=30 (full 0):
 garbage-first heap   total 155648K, used 142102K [0x0000000080000000, 0x0000000100000000)
  region size 1024K, 51 young (52224K), 4 survivors (4096K)
 Metaspace       used 95277K, committed 97152K, reserved 1179648K
  class space    used 12961K, committed 13888K, reserved 1048576K
}
Event: 18.780 GC heap after
{Heap after GC invocations=31 (full 0):
 garbage-first heap   total 155648K, used 93371K [0x0000000080000000, 0x0000000100000000)
  region size 1024K, 5 young (5120K), 5 survivors (5120K)
 Metaspace       used 95277K, committed 97152K, reserved 1179648K
  class space    used 12961K, committed 13888K, reserved 1048576K
}
Event: 19.540 GC heap before
{Heap before GC invocations=31 (full 0):
 garbage-first heap   total 155648K, used 140475K [0x0000000080000000, 0x0000000100000000)
  region size 1024K, 51 young (52224K), 5 survivors (5120K)
 Metaspace       used 98701K, committed 100736K, reserved 1179648K
  class space    used 13480K, committed 14464K, reserved 1048576K
}
Event: 19.547 GC heap after
{Heap after GC invocations=32 (full 0):
 garbage-first heap   total 155648K, used 95743K [0x0000000080000000, 0x0000000100000000)
  region size 1024K, 4 young (4096K), 4 survivors (4096K)
 Metaspace       used 98701K, committed 100736K, reserved 1179648K
  class space    used 13480K, committed 14464K, reserved 1048576K
}
Event: 20.325 GC heap before
{Heap before GC invocations=33 (full 0):
 garbage-first heap   total 163840K, used 142847K [0x0000000080000000, 0x0000000100000000)
  region size 1024K, 50 young (51200K), 4 survivors (4096K)
 Metaspace       used 101797K, committed 103808K, reserved 1179648K
  class space    used 13966K, committed 14976K, reserved 1048576K
}
Event: 20.335 GC heap after
{Heap after GC invocations=34 (full 0):
 garbage-first heap   total 163840K, used 99240K [0x0000000080000000, 0x0000000100000000)
  region size 1024K, 7 young (7168K), 7 survivors (7168K)
 Metaspace       used 101797K, committed 103808K, reserved 1179648K
  class space    used 13966K, committed 14976K, reserved 1048576K
}
Event: 21.103 GC heap before
{Heap before GC invocations=34 (full 0):
 garbage-first heap   total 163840K, used 148392K [0x0000000080000000, 0x0000000100000000)
  region size 1024K, 55 young (56320K), 7 survivors (7168K)
 Metaspace       used 106588K, committed 108736K, reserved 1179648K
  class space    used 14634K, committed 15680K, reserved 1048576K
}
Event: 21.115 GC heap after
{Heap after GC invocations=35 (full 0):
 garbage-first heap   total 196608K, used 100963K [0x0000000080000000, 0x0000000100000000)
  region size 1024K, 7 young (7168K), 7 survivors (7168K)
 Metaspace       used 106588K, committed 108736K, reserved 1179648K
  class space    used 14634K, committed 15680K, reserved 1048576K
}
Event: 22.264 GC heap before
{Heap before GC invocations=35 (full 0):
 garbage-first heap   total 196608K, used 179811K [0x0000000080000000, 0x0000000100000000)
  region size 1024K, 80 young (81920K), 7 survivors (7168K)
 Metaspace       used 112544K, committed 114624K, reserved 1179648K
  class space    used 15350K, committed 16384K, reserved 1048576K
}
Event: 22.277 GC heap after
{Heap after GC invocations=36 (full 0):
 garbage-first heap   total 196608K, used 108917K [0x0000000080000000, 0x0000000100000000)
  region size 1024K, 10 young (10240K), 10 survivors (10240K)
 Metaspace       used 112544K, committed 114624K, reserved 1179648K
  class space    used 15350K, committed 16384K, reserved 1048576K
}
Event: 22.815 GC heap before
{Heap before GC invocations=36 (full 0):
 garbage-first heap   total 196608K, used 173429K [0x0000000080000000, 0x0000000100000000)
  region size 1024K, 74 young (75776K), 10 survivors (10240K)
 Metaspace       used 113294K, committed 115392K, reserved 1179648K
  class space    used 15462K, committed 16512K, reserved 1048576K
}
Event: 22.829 GC heap after
{Heap after GC invocations=37 (full 0):
 garbage-first heap   total 196608K, used 114331K [0x0000000080000000, 0x0000000100000000)
  region size 1024K, 6 young (6144K), 6 survivors (6144K)
 Metaspace       used 113294K, committed 115392K, reserved 1179648K
  class space    used 15462K, committed 16512K, reserved 1048576K
}
Event: 23.589 GC heap before
{Heap before GC invocations=37 (full 0):
 garbage-first heap   total 196608K, used 176795K [0x0000000080000000, 0x0000000100000000)
  region size 1024K, 68 young (69632K), 6 survivors (6144K)
 Metaspace       used 113777K, committed 115968K, reserved 1179648K
  class space    used 15538K, committed 16640K, reserved 1048576K
}
Event: 23.599 GC heap after
{Heap after GC invocations=38 (full 0):
 garbage-first heap   total 196608K, used 117197K [0x0000000080000000, 0x0000000100000000)
  region size 1024K, 5 young (5120K), 5 survivors (5120K)
 Metaspace       used 113777K, committed 115968K, reserved 1179648K
  class space    used 15538K, committed 16640K, reserved 1048576K
}
Event: 24.531 GC heap before
{Heap before GC invocations=39 (full 0):
 garbage-first heap   total 228352K, used 226765K [0x0000000080000000, 0x0000000100000000)
  region size 1024K, 64 young (65536K), 5 survivors (5120K)
 Metaspace       used 117485K, committed 119680K, reserved 1179648K
  class space    used 16067K, committed 17152K, reserved 1048576K
}
Event: 24.545 GC heap after
{Heap after GC invocations=40 (full 0):
 garbage-first heap   total 240640K, used 153190K [0x0000000080000000, 0x0000000100000000)
  region size 1024K, 9 young (9216K), 9 survivors (9216K)
 Metaspace       used 117485K, committed 119680K, reserved 1179648K
  class space    used 16067K, committed 17152K, reserved 1048576K
}
Event: 25.283 GC heap before
{Heap before GC invocations=40 (full 0):
 garbage-first heap   total 240640K, used 218726K [0x0000000080000000, 0x0000000100000000)
  region size 1024K, 72 young (73728K), 9 survivors (9216K)
 Metaspace       used 119820K, committed 121984K, reserved 1179648K
  class space    used 16580K, committed 17664K, reserved 1048576K
}
Event: 25.323 GC heap after
{Heap after GC invocations=41 (full 0):
 garbage-first heap   total 249856K, used 172791K [0x0000000080000000, 0x0000000100000000)
  region size 1024K, 9 young (9216K), 9 survivors (9216K)
 Metaspace       used 119820K, committed 121984K, reserved 1179648K
  class space    used 16580K, committed 17664K, reserved 1048576K
}
Event: 25.539 GC heap before
{Heap before GC invocations=41 (full 0):
 garbage-first heap   total 249856K, used 222967K [0x0000000080000000, 0x0000000100000000)
  region size 1024K, 58 young (59392K), 9 survivors (9216K)
 Metaspace       used 120630K, committed 122816K, reserved 1179648K
  class space    used 16675K, committed 17792K, reserved 1048576K
}
Event: 25.615 GC heap after
{Heap after GC invocations=42 (full 0):
 garbage-first heap   total 258048K, used 197899K [0x0000000080000000, 0x0000000100000000)
  region size 1024K, 8 young (8192K), 8 survivors (8192K)
 Metaspace       used 120630K, committed 122816K, reserved 1179648K
  class space    used 16675K, committed 17792K, reserved 1048576K
}

