# JRE version: OpenJDK Runtime Environment (21.0.3) (build 21.0.3+-12282718-b509.11)
# Java VM: OpenJDK 64-Bit Server VM (21.0.3+-12282718-b509.11, mixed mode, tiered, compressed oops, compressed class ptrs, g1 gc, windows-amd64)
GC Precious Log:
 CardTable entry size: 512
 Card Set container configuration: InlinePtr #cards 5 size 8 Array Of Cards #cards 12 size 40 Howl #buckets 4 coarsen threshold 1843 Howl Bitmap #cards 512 size 80 coarsen threshold 460 Card regions per heap region 1 cards per card region 2048
 CPUs: 12 total, 12 available
 Memory: 5989M
 Large Page Support: Disabled
 NUMA Support: Disabled
 Compressed Oops: Enabled (32-bit)
 Heap Region Size: 1M
 Heap Min Capacity: 8M
 Heap Initial Capacity: 94M
 Heap Max Capacity: 2G
 Pre-touch: Disabled
 Parallel Workers: 10
 Concurrent Workers: 3
 Concurrent Refinement Workers: 10
 Periodic GC: Disabled
Heap:
 garbage-first heap   total 98304K, used 77846K [0x0000000080000000, 0x0000000100000000)
  region size 1024K, 52 young (53248K), 7 survivors (7168K)
 Metaspace       used 51679K, committed 53120K, reserved 1114112K
  class space    used 7129K, committed 7808K, reserved 1048576K
GC Heap History (18 events):
Event: 1.355 GC heap before
{Heap before GC invocations=0 (full 0):
 garbage-first heap   total 96256K, used 26624K [0x0000000080000000, 0x0000000100000000)
  region size 1024K, 23 young (23552K), 0 survivors (0K)
 Metaspace       used 8139K, committed 8320K, reserved 1114112K
  class space    used 740K, committed 832K, reserved 1048576K
}
Event: 1.370 GC heap after
{Heap after GC invocations=1 (full 0):
 garbage-first heap   total 96256K, used 10240K [0x0000000080000000, 0x0000000100000000)
  region size 1024K, 3 young (3072K), 3 survivors (3072K)
 Metaspace       used 8139K, committed 8320K, reserved 1114112K
  class space    used 740K, committed 832K, reserved 1048576K
}
Event: 2.635 GC heap before
{Heap before GC invocations=1 (full 0):
 garbage-first heap   total 96256K, used 38912K [0x0000000080000000, 0x0000000100000000)
  region size 1024K, 32 young (32768K), 3 survivors (3072K)
 Metaspace       used 12049K, committed 12224K, reserved 1114112K
  class space    used 1283K, committed 1408K, reserved 1048576K
}
Event: 2.649 GC heap after
{Heap after GC invocations=2 (full 0):
 garbage-first heap   total 96256K, used 12129K [0x0000000080000000, 0x0000000100000000)
  region size 1024K, 2 young (2048K), 2 survivors (2048K)
 Metaspace       used 12049K, committed 12224K, reserved 1114112K
  class space    used 1283K, committed 1408K, reserved 1048576K
}
Event: 4.807 GC heap before
{Heap before GC invocations=2 (full 0):
 garbage-first heap   total 96256K, used 69473K [0x0000000080000000, 0x0000000100000000)
  region size 1024K, 56 young (57344K), 2 survivors (2048K)
 Metaspace       used 18807K, committed 19136K, reserved 1114112K
  class space    used 2125K, committed 2304K, reserved 1048576K
}
Event: 4.822 GC heap after
{Heap after GC invocations=3 (full 0):
 garbage-first heap   total 96256K, used 19838K [0x0000000080000000, 0x0000000100000000)
  region size 1024K, 7 young (7168K), 7 survivors (7168K)
 Metaspace       used 18807K, committed 19136K, reserved 1114112K
  class space    used 2125K, committed 2304K, reserved 1048576K
}
Event: 5.435 GC heap before
{Heap before GC invocations=3 (full 0):
 garbage-first heap   total 96256K, used 31102K [0x0000000080000000, 0x0000000100000000)
  region size 1024K, 19 young (19456K), 7 survivors (7168K)
 Metaspace       used 21215K, committed 21504K, reserved 1114112K
  class space    used 2469K, committed 2624K, reserved 1048576K
}
Event: 5.443 GC heap after
{Heap after GC invocations=4 (full 0):
 garbage-first heap   total 96256K, used 21426K [0x0000000080000000, 0x0000000100000000)
  region size 1024K, 2 young (2048K), 2 survivors (2048K)
 Metaspace       used 21215K, committed 21504K, reserved 1114112K
  class space    used 2469K, committed 2624K, reserved 1048576K
}
Event: 7.996 GC heap before
{Heap before GC invocations=5 (full 0):
 garbage-first heap   total 78848K, used 74674K [0x0000000080000000, 0x0000000100000000)
  region size 1024K, 55 young (56320K), 2 survivors (2048K)
 Metaspace       used 30002K, committed 30592K, reserved 1114112K
  class space    used 3898K, committed 4160K, reserved 1048576K
}
Event: 8.006 GC heap after
{Heap after GC invocations=6 (full 0):
 garbage-first heap   total 81920K, used 24127K [0x0000000080000000, 0x0000000100000000)
  region size 1024K, 5 young (5120K), 5 survivors (5120K)
 Metaspace       used 30002K, committed 30592K, reserved 1114112K
  class space    used 3898K, committed 4160K, reserved 1048576K
}
Event: 9.574 GC heap before
{Heap before GC invocations=6 (full 0):
 garbage-first heap   total 81920K, used 62015K [0x0000000080000000, 0x0000000100000000)
  region size 1024K, 43 young (44032K), 5 survivors (5120K)
 Metaspace       used 35263K, committed 36096K, reserved 1114112K
  class space    used 4758K, committed 5120K, reserved 1048576K
}
Event: 9.581 GC heap after
{Heap after GC invocations=7 (full 0):
 garbage-first heap   total 81920K, used 26499K [0x0000000080000000, 0x0000000100000000)
  region size 1024K, 6 young (6144K), 6 survivors (6144K)
 Metaspace       used 35263K, committed 36096K, reserved 1114112K
  class space    used 4758K, committed 5120K, reserved 1048576K
}
Event: 9.698 GC heap before
{Heap before GC invocations=7 (full 0):
 garbage-first heap   total 81920K, used 28547K [0x0000000080000000, 0x0000000100000000)
  region size 1024K, 9 young (9216K), 6 survivors (6144K)
 Metaspace       used 35550K, committed 36416K, reserved 1114112K
  class space    used 4816K, committed 5184K, reserved 1048576K
}
Event: 9.706 GC heap after
{Heap after GC invocations=8 (full 0):
 garbage-first heap   total 81920K, used 26729K [0x0000000080000000, 0x0000000100000000)
  region size 1024K, 3 young (3072K), 3 survivors (3072K)
 Metaspace       used 35550K, committed 36416K, reserved 1114112K
  class space    used 4816K, committed 5184K, reserved 1048576K
}
Event: 11.318 GC heap before
{Heap before GC invocations=9 (full 0):
 garbage-first heap   total 81920K, used 67689K [0x0000000080000000, 0x0000000100000000)
  region size 1024K, 44 young (45056K), 3 survivors (3072K)
 Metaspace       used 42855K, committed 44032K, reserved 1114112K
  class space    used 5836K, committed 6400K, reserved 1048576K
}
Event: 11.328 GC heap after
{Heap after GC invocations=10 (full 0):
 garbage-first heap   total 98304K, used 29887K [0x0000000080000000, 0x0000000100000000)
  region size 1024K, 6 young (6144K), 6 survivors (6144K)
 Metaspace       used 42855K, committed 44032K, reserved 1114112K
  class space    used 5836K, committed 6400K, reserved 1048576K
}
Event: 12.279 GC heap before
{Heap before GC invocations=10 (full 0):
 garbage-first heap   total 98304K, used 81087K [0x0000000080000000, 0x0000000100000000)
  region size 1024K, 57 young (58368K), 6 survivors (6144K)
 Metaspace       used 46346K, committed 47552K, reserved 1114112K
  class space    used 6251K, committed 6848K, reserved 1048576K
}
Event: 12.292 GC heap after
{Heap after GC invocations=11 (full 0):
 garbage-first heap   total 98304K, used 32790K [0x0000000080000000, 0x0000000100000000)
  region size 1024K, 7 young (7168K), 7 survivors (7168K)
 Metaspace       used 46346K, committed 47552K, reserved 1114112K
  class space    used 6251K, committed 6848K, reserved 1048576K
}

